<?xml version="1.0" encoding="UTF-8"?>
<!-- Generated by org.testng.reporters.JUnitReportReporter -->
<testsuite hostname="DESKTOP-RA81QA8" failures="0" tests="1" name="cucumberOptions.TestRunner" time="53.925" errors="0" timestamp="23 Jan 2022 16:48:07 GMT">
  <testcase classname="cucumberOptions.TestRunner" name="feature" time="53.925"/>
</testsuite> <!-- cucumberOptions.TestRunner -->
