<?xml version="1.0" encoding="UTF-8"?>
<!-- Generated by org.testng.reporters.JUnitReportReporter -->
<testsuite hostname="DESKTOP-RA81QA8" failures="0" tests="1" name="cucumberOptions.TestRunner" time="65.386" errors="0" timestamp="23 Jan 2022 07:45:51 GMT">
  <testcase classname="cucumberOptions.TestRunner" name="feature" time="65.386"/>
</testsuite> <!-- cucumberOptions.TestRunner -->
